2017-04-20 15:59:33 [scrapy.utils.log] INFO: Scrapy 1.3.0 started (bot: myprojec)
2017-04-20 15:59:33 [scrapy.utils.log] INFO: Overridden settings: {'BOT_NAME': 'myprojec', 'LOG_FILE': 'logs/myprojec/temp/469fa03a259f11e796f0c4b301d091b1.log', 'NEWSPIDER_MODULE': 'myprojec.spiders', 'SPIDER_MODULES': ['myprojec.spiders']}
2017-04-20 15:59:33 [scrapy.middleware] INFO: Enabled extensions:
['scrapy.extensions.corestats.CoreStats',
 'scrapy.extensions.telnet.TelnetConsole',
 'scrapy.extensions.logstats.LogStats']
2017-04-20 15:59:33 [py.warnings] WARNING: /usr/local/lib/python3.6/site-packages/scrapy/utils/deprecate.py:156: ScrapyDeprecationWarning: `scrapy.contrib.downloadermiddleware.useragent.UserAgentMiddleware` class is deprecated, use `scrapy.downloadermiddlewares.useragent.UserAgentMiddleware` instead
  ScrapyDeprecationWarning)

2017-04-20 15:59:33 [py.warnings] WARNING: /usr/local/lib/python3.6/site-packages/scrapy/utils/deprecate.py:156: ScrapyDeprecationWarning: `scrapy.contrib.downloadermiddleware.httpproxy.HttpProxyMiddleware` class is deprecated, use `scrapy.downloadermiddlewares.httpproxy.HttpProxyMiddleware` instead
  ScrapyDeprecationWarning)

2017-04-20 15:59:33 [scrapy.middleware] INFO: Enabled downloader middlewares:
['myprojec.midle.ProxyMiddleware',
 'scrapy.downloadermiddlewares.httpauth.HttpAuthMiddleware',
 'scrapy.downloadermiddlewares.downloadtimeout.DownloadTimeoutMiddleware',
 'scrapy.downloadermiddlewares.defaultheaders.DefaultHeadersMiddleware',
 'myprojec.midle.RotateUserAgentMiddleware',
 'scrapy.downloadermiddlewares.retry.RetryMiddleware',
 'scrapy.downloadermiddlewares.redirect.MetaRefreshMiddleware',
 'scrapy.downloadermiddlewares.httpcompression.HttpCompressionMiddleware',
 'scrapy.downloadermiddlewares.redirect.RedirectMiddleware',
 'scrapy.downloadermiddlewares.cookies.CookiesMiddleware',
 'scrapy.downloadermiddlewares.stats.DownloaderStats']
2017-04-20 15:59:33 [scrapy.middleware] INFO: Enabled spider middlewares:
['scrapy.spidermiddlewares.httperror.HttpErrorMiddleware',
 'scrapy.spidermiddlewares.offsite.OffsiteMiddleware',
 'scrapy.spidermiddlewares.referer.RefererMiddleware',
 'scrapy.spidermiddlewares.urllength.UrlLengthMiddleware',
 'scrapy.spidermiddlewares.depth.DepthMiddleware']
2017-04-20 15:59:33 [scrapy.middleware] INFO: Enabled item pipelines:
['myprojec.pipelines.JsonWithEncodingCnblogsPipeline']
2017-04-20 15:59:33 [scrapy.core.engine] INFO: Spider opened
2017-04-20 15:59:33 [scrapy.extensions.logstats] INFO: Crawled 0 pages (at 0 pages/min), scraped 0 items (at 0 items/min)
2017-04-20 15:59:33 [scrapy.extensions.telnet] DEBUG: Telnet console listening on 127.0.0.1:6023
2017-04-20 15:59:33 [requests.packages.urllib3.connectionpool] DEBUG: Starting new HTTP connection (1): 182.254.215.182
2017-04-20 15:59:33 [requests.packages.urllib3.connectionpool] DEBUG: http://182.254.215.182:5999 "GET / HTTP/1.1" 200 20
2017-04-20 15:59:34 [scrapy.core.engine] DEBUG: Crawled (200) <GET http://oil.cngold.com.cn/20170111d1970n115093439.html> (referer: None) ['partial']
2017-04-20 15:59:34 [urllib3.connectionpool] DEBUG: Starting new HTTP connection (1): dev.tax.elasticsearch.zs
2017-04-20 15:59:40 [urllib3.connectionpool] DEBUG: http://dev.tax.elasticsearch.zs:9200 "PUT /informations HTTP/1.1" 200 21
2017-04-20 15:59:40 [urllib3.connectionpool] DEBUG: http://dev.tax.elasticsearch.zs:9200 "PUT /informations/spider/_mapping HTTP/1.1" 200 21
2017-04-20 15:59:40 [urllib3.util.retry] DEBUG: Converted retries value: False -> Retry(total=False, connect=None, read=None, redirect=0)
2017-04-20 15:59:40 [urllib3.connectionpool] DEBUG: Starting new HTTP connection (1): dev.tax.elasticsearch.zs
2017-04-20 15:59:40 [urllib3.connectionpool] DEBUG: http://dev.tax.elasticsearch.zs:9200 "POST /_bulk HTTP/1.1" 200 192
2017-04-20 15:59:40 [scrapy.core.scraper] DEBUG: Scraped from <200 http://oil.cngold.com.cn/20170111d1970n115093439.html>
None
2017-04-20 15:59:40 [scrapy.core.engine] INFO: Closing spider (finished)
2017-04-20 15:59:40 [temp] INFO: get_webpage_count:1
2017-04-20 15:59:40 [temp] INFO: success
2017-04-20 15:59:40 [scrapy.statscollectors] INFO: Dumping Scrapy stats:
{'downloader/request_bytes': 347,
 'downloader/request_count': 1,
 'downloader/request_method_count/GET': 1,
 'downloader/response_bytes': 19315,
 'downloader/response_count': 1,
 'downloader/response_status_count/200': 1,
 'finish_reason': 'finished',
 'finish_time': datetime.datetime(2017, 4, 20, 7, 59, 40, 409231),
 'item_scraped_count': 1,
 'log_count/DEBUG': 11,
 'log_count/INFO': 9,
 'log_count/WARNING': 2,
 'response_received_count': 1,
 'scheduler/dequeued': 1,
 'scheduler/dequeued/memory': 1,
 'scheduler/enqueued': 1,
 'scheduler/enqueued/memory': 1,
 'start_time': datetime.datetime(2017, 4, 20, 7, 59, 33, 790142)}
2017-04-20 15:59:40 [scrapy.core.engine] INFO: Spider closed (finished)
